\BOOKMARK [0][-]{section*.1}{Abstract}{}% 1
\BOOKMARK [0][-]{section*.2}{R\351sum\351}{}% 2
\BOOKMARK [0][-]{section*.3}{Acknowledgement}{}% 3
\BOOKMARK [0][-]{chapter.1}{Introduction}{}% 4
\BOOKMARK [1][-]{section.1.1}{Background}{chapter.1}% 5
\BOOKMARK [1][-]{section.1.2}{Problem Statement}{chapter.1}% 6
\BOOKMARK [2][-]{subsection.1.2.1}{Kinematics}{section.1.2}% 7
\BOOKMARK [2][-]{subsection.1.2.2}{Multiple Characters}{section.1.2}% 8
\BOOKMARK [2][-]{subsection.1.2.3}{Posing}{section.1.2}% 9
\BOOKMARK [1][-]{section.1.3}{Scientific Approach to Posing and Animating Multiple Characters}{chapter.1}% 10
\BOOKMARK [1][-]{section.1.4}{Contents of this report}{chapter.1}% 11
\BOOKMARK [0][-]{chapter.2}{State-of-the-Art}{}% 12
\BOOKMARK [1][-]{section.2.1}{Dance}{chapter.2}% 13
\BOOKMARK [1][-]{section.2.2}{Sketch-Based Systems}{chapter.2}% 14
\BOOKMARK [1][-]{section.2.3}{Graph Theory}{chapter.2}% 15
\BOOKMARK [1][-]{section.2.4}{Generating Animation}{chapter.2}% 16
\BOOKMARK [0][-]{chapter.3}{Theoretical Foundations of Animation}{}% 17
\BOOKMARK [1][-]{section.3.1}{Skeletons, Rigs, and Controllers: Kinematics}{chapter.3}% 18
\BOOKMARK [1][-]{section.3.2}{In-betweening}{chapter.3}% 19
\BOOKMARK [1][-]{section.3.3}{The Line of Action}{chapter.3}% 20
\BOOKMARK [2][-]{subsection.3.3.1}{Notation}{section.3.3}% 21
\BOOKMARK [3][-]{subsubsection.3.3.1.1}{Common Multi-character Poses}{subsection.3.3.1}% 22
\BOOKMARK [1][-]{section.3.4}{Space-time Sketching}{chapter.3}% 23
\BOOKMARK [1][-]{section.3.5}{Optimization Problems}{chapter.3}% 24
\BOOKMARK [1][-]{section.3.6}{Rig Combinations as Trees}{chapter.3}% 25
\BOOKMARK [0][-]{chapter.4}{Implementing a Character Connection Algorithm}{}% 26
\BOOKMARK [1][-]{section.4.1}{Interface}{chapter.4}% 27
\BOOKMARK [1][-]{section.4.2}{Intelligently Connecting Rigs}{chapter.4}% 28
\BOOKMARK [1][-]{section.4.3}{Challenges}{chapter.4}% 29
\BOOKMARK [1][-]{section.4.4}{User Constraints}{chapter.4}% 30
\BOOKMARK [0][-]{chapter.5}{Experimental Validation of Solution}{}% 31
\BOOKMARK [1][-]{section.5.1}{Carefully Selecting Sample Keyframes}{chapter.5}% 32
\BOOKMARK [1][-]{section.5.2}{Establishing a Baseline for Comparison}{chapter.5}% 33
\BOOKMARK [1][-]{section.5.3}{Our Solution}{chapter.5}% 34
\BOOKMARK [2][-]{subsection.5.3.1}{Experiment}{section.5.3}% 35
\BOOKMARK [2][-]{subsection.5.3.2}{Results}{section.5.3}% 36
\BOOKMARK [2][-]{subsection.5.3.3}{Conclusions and Future Experiments}{section.5.3}% 37
\BOOKMARK [0][-]{chapter.6}{Discussion}{}% 38
\BOOKMARK [0][-]{chapter.7}{Conclusion}{}% 39
\BOOKMARK [0][-]{appendix.A}{Appendix}{}% 40
\BOOKMARK [1][-]{section.A.1}{Glossary}{appendix.A}% 41
\BOOKMARK [0][-]{section*.15}{Bibliography}{}% 42
